2017-02-25 18:16:33,720  WARN [ModalContext] - ScalaProject - Project Similar has platform default sourceLevel.
2017-02-25 18:16:33,722  WARN [ModalContext] - ScalaProject - Project Similar runs on platform default installation.
2017-02-25 18:16:33,744 ERROR [Worker-4] - System.err - log4j:WARN No appenders could be found for logger (org.eclipse.jgit.util.FS).
2017-02-25 18:16:33,744 ERROR [Worker-4] - System.err - log4j:WARN Please initialize the log4j system properly.
2017-02-25 19:24:18,372 ERROR [main] - System.err - log4j:WARN No appenders could be found for logger (org.eclipse.jgit.util.FS).
2017-02-25 19:24:18,372 ERROR [main] - System.err - log4j:WARN Please initialize the log4j system properly.
2017-02-25 19:24:43,753  WARN [ModalContext] - ScalaProject - Project Similar has platform default sourceLevel.
2017-02-25 19:24:43,753  WARN [ModalContext] - ScalaProject - Project Similar runs on platform default installation.
2017-02-25 19:24:44,253  WARN [Worker-2] - ScalaProject - Project Similar has platform default sourceLevel.
2017-02-25 19:24:44,253  WARN [Worker-2] - ScalaProject - Project Similar runs on platform default installation.
2017-02-25 19:24:44,857  WARN [Worker-2] - ScalaProject - Project Similar has platform default sourceLevel.
2017-02-25 19:24:44,857  WARN [Worker-2] - ScalaProject - Project Similar runs on platform default installation.
2017-02-25 19:24:47,199  WARN [Worker-4] - ScalaProject - Project Similar has platform default sourceLevel.
2017-02-25 19:24:47,199  WARN [Worker-4] - ScalaProject - Project Similar runs on platform default installation.
2017-02-25 19:24:57,759  WARN [Worker-4] - ScalaProject - Project Similar has platform default sourceLevel.
2017-02-25 19:24:57,760  WARN [Worker-4] - ScalaProject - Project Similar runs on platform default installation.
2017-02-25 19:24:58,821  WARN [Worker-4] - ScalaProject - Project Similar has platform default sourceLevel.
2017-02-25 19:24:58,821  WARN [Worker-4] - ScalaProject - Project Similar runs on platform default installation.
2017-02-25 19:24:58,860  WARN [Worker-4] - ScalaProject - Project Similar has platform default sourceLevel.
2017-02-25 19:24:58,860  WARN [Worker-4] - ScalaProject - Project Similar runs on platform default installation.
2017-02-26 13:14:21,719  WARN [Worker-39] - ScalaProject - Project Similar has platform default sourceLevel.
2017-02-26 13:14:21,719  WARN [Worker-39] - ScalaProject - Project Similar runs on platform default installation.
2017-02-26 13:14:21,842  WARN [Worker-36] - ScalaProject - Project Similar has platform default sourceLevel.
2017-02-26 13:14:21,842  WARN [Worker-36] - ScalaProject - Project Similar runs on platform default installation.
2017-02-26 13:14:21,859  WARN [Worker-36] - ScalaProject - Project Similar has platform default sourceLevel.
2017-02-26 13:14:21,860  WARN [Worker-36] - ScalaProject - Project Similar runs on platform default installation.
2017-02-26 13:14:22,325  WARN [org.scalaide.ui.internal.reconciliation.ScalaReconciler] - ScalaProject - Project Similar has platform default sourceLevel.
2017-02-26 13:14:22,326  WARN [org.scalaide.ui.internal.reconciliation.ScalaReconciler] - ScalaProject - Project Similar runs on platform default installation.
2017-02-26 13:14:22,878  WARN [Worker-36] - ScalaProject - Project Similar has platform default sourceLevel.
2017-02-26 13:14:22,878  WARN [Worker-36] - ScalaProject - Project Similar runs on platform default installation.
2017-02-26 13:14:22,889  WARN [Worker-36] - ScalaProject - Project Similar has platform default sourceLevel.
2017-02-26 13:14:22,889  WARN [Worker-36] - ScalaProject - Project Similar runs on platform default installation.
2017-02-26 13:59:25,426  WARN [Worker-51] - ScalaProject - Project Similar has platform default sourceLevel.
2017-02-26 13:59:25,426  WARN [Worker-51] - ScalaProject - Project Similar runs on platform default installation.
2017-02-26 13:59:27,541  WARN [Worker-51] - ScalaProject - Project Similar has platform default sourceLevel.
2017-02-26 13:59:27,541  WARN [Worker-51] - ScalaProject - Project Similar runs on platform default installation.
